<?xml version="1.0" encoding="UTF-8"?>
<!-- Generated by org.testng.reporters.JUnitReportReporter -->
<testsuite name="com.wbl.main.CalcCommonMethod" tests="6" time="0.006" ignored="0" failures="0" timestamp="15 Apr 2017 00:34:12 GMT" skipped="0" hostname="KFAutie-S47" errors="0">
  <testcase name="doCalc" time="0.001" classname="com.wbl.main.CalcCommonMethod"/>
  <testcase name="doCalc" time="0.001" classname="com.wbl.main.CalcCommonMethod"/>
  <testcase name="doCalc" time="0.001" classname="com.wbl.main.CalcCommonMethod"/>
  <testcase name="doCalc" time="0.001" classname="com.wbl.main.CalcCommonMethod"/>
  <testcase name="doCalc" time="0.001" classname="com.wbl.main.CalcCommonMethod"/>
  <testcase name="doCalc" time="0.001" classname="com.wbl.main.CalcCommonMethod"/>
</testsuite> <!-- com.wbl.main.CalcCommonMethod -->
