<?xml version="1.0" encoding="UTF-8"?>
<!-- Generated by org.testng.reporters.JUnitReportReporter -->
<testsuite name="com.wbl.test.BasicTest" tests="1" time="0.000" ignored="0" failures="0" timestamp="18 Jan 2017 03:37:07 GMT" skipped="0" hostname="KFAutie-S47" errors="0">
  <testcase name="test3" time="0.000" classname="com.wbl.test.BasicTest"/>
</testsuite> <!-- com.wbl.test.BasicTest -->
