<?xml version="1.0" encoding="UTF-8"?>
<!-- Generated by org.testng.reporters.JUnitReportReporter -->
<testsuite name="com.wbl.test.CalculatorTest" tests="3" time="0.018" ignored="0" failures="0" timestamp="15 Apr 2017 00:34:12 GMT" skipped="0" hostname="KFAutie-S47" errors="0">
  <testcase name="testDoCalc" time="0.003" classname="com.wbl.test.CalculatorTest"/>
  <testcase name="testDoCalc" time="0.012" classname="com.wbl.test.CalculatorTest"/>
  <testcase name="testDoCalc" time="0.003" classname="com.wbl.test.CalculatorTest"/>
</testsuite> <!-- com.wbl.test.CalculatorTest -->
