<?xml version="1.0" encoding="UTF-8"?>
<!-- Generated by org.testng.reporters.JUnitReportReporter -->
<testsuite name="com.wbl.test.PrimeNumberTest" tests="3" time="0.613" ignored="0" failures="0" timestamp="15 Apr 2017 00:34:12 GMT" skipped="0" hostname="KFAutie-S47" errors="0">
  <testcase name="testIsPrime1" time="0.307" classname="com.wbl.test.PrimeNumberTest"/>
  <testcase name="testIsPrime3" time="0.003" classname="com.wbl.test.PrimeNumberTest"/>
  <testcase name="testIsPrime2" time="0.303" classname="com.wbl.test.PrimeNumberTest"/>
</testsuite> <!-- com.wbl.test.PrimeNumberTest -->
