<?xml version="1.0" encoding="UTF-8"?>
<!-- Generated by org.testng.reporters.JUnitReportReporter -->
<testsuite name="com.wbl.test.BasicStringTest" tests="1" time="0.003" ignored="0" failures="0" timestamp="15 Apr 2017 00:34:12 GMT" skipped="0" hostname="KFAutie-S47" errors="0">
  <testcase name="test3" time="0.003" classname="com.wbl.test.BasicStringTest"/>
</testsuite> <!-- com.wbl.test.BasicStringTest -->
