<?xml version="1.0" encoding="UTF-8"?>
<!-- Generated by org.testng.reporters.JUnitReportReporter -->
<testsuite name="com.wbl.test.HomePageTest" tests="3" time="0.002" ignored="0" failures="0" timestamp="15 Apr 2017 00:34:12 GMT" skipped="0" hostname="KFAutie-S47" errors="0">
  <testcase name="loginTest" time="0.000" classname="com.wbl.test.HomePageTest"/>
  <testcase name="presentationTest" time="0.001" classname="com.wbl.test.HomePageTest"/>
  <testcase name="recordingTest" time="0.001" classname="com.wbl.test.HomePageTest"/>
</testsuite> <!-- com.wbl.test.HomePageTest -->
