<?xml version="1.0" encoding="UTF-8"?>
<!-- Generated by org.testng.reporters.JUnitReportReporter -->
<testsuite name="com.wbl.itunesRest.test.itunesAPIMethodsTest" tests="3" time="1.929" ignored="0" failures="0" timestamp="26 May 2017 00:22:23 GMT" skipped="0" hostname="KFAutie-S47" errors="0">
  <testcase name="itunesGetJson" time="0.033" classname="com.wbl.itunesRest.test.itunesAPIMethodsTest"/>
  <testcase name="getURLResponseTest" time="1.749" classname="com.wbl.itunesRest.test.itunesAPIMethodsTest"/>
  <testcase name="itunesGetTest" time="0.147" classname="com.wbl.itunesRest.test.itunesAPIMethodsTest"/>
</testsuite> <!-- com.wbl.itunesRest.test.itunesAPIMethodsTest -->
