<?xml version="1.0" encoding="UTF-8"?>
<!-- Generated by org.testng.reporters.JUnitReportReporter -->
<testsuite name="com.wbl.test.AmazonHomePageTest" tests="5" time="64.267" ignored="5" failures="0" timestamp="19 Apr 2017 05:44:08 GMT" skipped="0" hostname="KFAutie-S47" errors="0">
  <testcase name="getAccountDetailsTest" time="6.990" classname="com.wbl.test.AmazonHomePageTest"/>
  <testcase name="getAccountDetailsTest" time="6.680" classname="com.wbl.test.AmazonHomePageTest"/>
  <testcase name="getAccountDetailsTest" time="36.709" classname="com.wbl.test.AmazonHomePageTest"/>
  <testcase name="getAccountDetailsTest" time="6.760" classname="com.wbl.test.AmazonHomePageTest"/>
  <testcase name="getAccountDetailsTest" time="7.128" classname="com.wbl.test.AmazonHomePageTest"/>
  <testcase name="getDeptDropDownCountTest" classname="com.wbl.test.AmazonHomePageTest">
    <skipped/>
  </testcase> <!-- getDeptDropDownCountTest -->
  <testcase name="tryPrimeTest" classname="com.wbl.test.AmazonHomePageTest">
    <skipped/>
  </testcase> <!-- tryPrimeTest -->
  <testcase name="createAccountPageTest" classname="com.wbl.test.AmazonHomePageTest">
    <skipped/>
  </testcase> <!-- createAccountPageTest -->
  <testcase name="getSignInTest" classname="com.wbl.test.AmazonHomePageTest">
    <skipped/>
  </testcase> <!-- getSignInTest -->
  <testcase name="navigateDeptDropDownTest" classname="com.wbl.test.AmazonHomePageTest">
    <skipped/>
  </testcase> <!-- navigateDeptDropDownTest -->
</testsuite> <!-- com.wbl.test.AmazonHomePageTest -->
