<?xml version="1.0" encoding="UTF-8"?>
<!-- Generated by org.testng.reporters.JUnitReportReporter -->
<testsuite name="com.wbl.test.AmazonLoginTest" tests="2" time="1.111" ignored="0" failures="0" timestamp="19 Apr 2017 04:37:17 GMT" skipped="0" hostname="KFAutie-S47" errors="0">
  <testcase name="enterLoginDetailsTest" time="0.226" classname="com.wbl.test.AmazonLoginTest"/>
  <testcase name="enterLoginDetailsTest" time="0.885" classname="com.wbl.test.AmazonLoginTest"/>
</testsuite> <!-- com.wbl.test.AmazonLoginTest -->
