<?xml version="1.0" encoding="UTF-8"?>
<!-- Generated by org.testng.reporters.JUnitReportReporter -->
<testsuite hostname="KFAutie-S47" name="com.wbl.test.testingClass" tests="1" failures="0" timestamp="5 Apr 2017 23:33:04 GMT" time="0.570" errors="0">
  <testcase name="testExcel" time="0.570" classname="com.wbl.test.testingClass"/>
</testsuite> <!-- com.wbl.test.testingClass -->
