<?xml version="1.0" encoding="UTF-8"?>
<!-- Generated by org.testng.reporters.JUnitReportReporter -->
<testsuite name="com.wbl.test.AmazonSearchTest" tests="2" time="45.947" ignored="3" failures="0" timestamp="18 Apr 2017 02:37:26 GMT" skipped="0" hostname="KFAutie-S47" errors="0">
  <testcase name="searchResultsTest" time="21.103" classname="com.wbl.test.AmazonSearchTest"/>
  <testcase name="searchResultsTest" time="24.844" classname="com.wbl.test.AmazonSearchTest"/>
  <testcase name="allDropDownTest" classname="com.wbl.test.AmazonSearchTest">
    <skipped/>
  </testcase> <!-- allDropDownTest -->
  <testcase name="sortChoiceTest" classname="com.wbl.test.AmazonSearchTest">
    <skipped/>
  </testcase> <!-- sortChoiceTest -->
  <testcase name="dropDownChoiceTest" classname="com.wbl.test.AmazonSearchTest">
    <skipped/>
  </testcase> <!-- dropDownChoiceTest -->
</testsuite> <!-- com.wbl.test.AmazonSearchTest -->
