<?xml version="1.0" encoding="UTF-8"?>
<!-- Generated by org.testng.reporters.JUnitReportReporter -->
<testsuite name="com.wbl.test.AmazonSearchTest" tests="2" time="44.834" ignored="5" failures="0" timestamp="23 May 2017 21:34:47 GMT" skipped="0" hostname="KFAutie-S47" errors="0">
  <testcase name="searchResultsTest" time="28.134" classname="com.wbl.test.AmazonSearchTest"/>
  <testcase name="searchResultsTest" time="16.700" classname="com.wbl.test.AmazonSearchTest"/>
  <testcase name="allDropDownTest" classname="com.wbl.test.AmazonSearchTest">
    <skipped/>
  </testcase> <!-- allDropDownTest -->
  <testcase name="dropDownChoiceTest1" classname="com.wbl.test.AmazonSearchTest">
    <skipped/>
  </testcase> <!-- dropDownChoiceTest1 -->
  <testcase name="sortChoiceTest" classname="com.wbl.test.AmazonSearchTest">
    <skipped/>
  </testcase> <!-- sortChoiceTest -->
  <testcase name="dropDownChoiceTest" classname="com.wbl.test.AmazonSearchTest">
    <skipped/>
  </testcase> <!-- dropDownChoiceTest -->
  <testcase name="allDropDownTest1" classname="com.wbl.test.AmazonSearchTest">
    <skipped/>
  </testcase> <!-- allDropDownTest1 -->
</testsuite> <!-- com.wbl.test.AmazonSearchTest -->
