<?xml version="1.0" encoding="UTF-8"?>
<!-- Generated by org.testng.reporters.JUnitReportReporter -->
<testsuite name="com.wbl.test.AmazonHomePageTestCopy" tests="3" time="125.497" ignored="2" failures="0" timestamp="09 Apr 2017 20:00:11 GMT" skipped="0" hostname="KFAutie-S47" errors="0">
  <testcase name="dropDownChoiceTest" time="29.146" classname="com.wbl.test.AmazonHomePageTestCopy"/>
  <testcase name="dropDownChoiceTest" time="37.497" classname="com.wbl.test.AmazonHomePageTestCopy"/>
  <testcase name="dropDownChoiceTest" time="58.854" classname="com.wbl.test.AmazonHomePageTestCopy"/>
  <testcase name="allDropDownTest" classname="com.wbl.test.AmazonHomePageTestCopy">
    <skipped/>
  </testcase> <!-- allDropDownTest -->
  <testcase name="sortChoiceTest" classname="com.wbl.test.AmazonHomePageTestCopy">
    <skipped/>
  </testcase> <!-- sortChoiceTest -->
</testsuite> <!-- com.wbl.test.AmazonHomePageTestCopy -->
