<?xml version="1.0" encoding="UTF-8"?>
<!-- Generated by org.testng.reporters.JUnitReportReporter -->
<testsuite name="com.wbl.test.RegisterAccountPageTest" tests="1" time="6.827" ignored="0" failures="0" timestamp="19 Apr 2017 04:38:42 GMT" skipped="0" hostname="KFAutie-S47" errors="0">
  <testcase name="enterDetailsTest" time="6.827" classname="com.wbl.test.RegisterAccountPageTest"/>
</testsuite> <!-- com.wbl.test.RegisterAccountPageTest -->
