<?xml version="1.0" encoding="UTF-8"?>
<!-- Generated by org.testng.reporters.JUnitReportReporter -->
<testsuite name="com.wbl.test.AmazonAddToCartTest" tests="2" time="139.758" ignored="9" failures="0" timestamp="19 Apr 2017 17:16:30 GMT" skipped="0" hostname="KFAutie-S47" errors="0">
  <testcase name="addItemsToCartTest" time="94.367" classname="com.wbl.test.AmazonAddToCartTest"/>
  <testcase name="addItemsToCartTest" time="45.391" classname="com.wbl.test.AmazonAddToCartTest"/>
  <testcase name="updatingCartPageTest" classname="com.wbl.test.AmazonAddToCartTest">
    <skipped/>
  </testcase> <!-- updatingCartPageTest -->
  <testcase name="addColorTest" classname="com.wbl.test.AmazonAddToCartTest">
    <skipped/>
  </testcase> <!-- addColorTest -->
  <testcase name="addShippingTest" classname="com.wbl.test.AmazonAddToCartTest">
    <skipped/>
  </testcase> <!-- addShippingTest -->
  <testcase name="addSizeTest" classname="com.wbl.test.AmazonAddToCartTest">
    <skipped/>
  </testcase> <!-- addSizeTest -->
  <testcase name="addQuantityTest" classname="com.wbl.test.AmazonAddToCartTest">
    <skipped/>
  </testcase> <!-- addQuantityTest -->
  <testcase name="addItemTest" classname="com.wbl.test.AmazonAddToCartTest">
    <skipped/>
  </testcase> <!-- addItemTest -->
  <testcase name="addToCartButtonTest" classname="com.wbl.test.AmazonAddToCartTest">
    <skipped/>
  </testcase> <!-- addToCartButtonTest -->
  <testcase name="viewCartPageTest" classname="com.wbl.test.AmazonAddToCartTest">
    <skipped/>
  </testcase> <!-- viewCartPageTest -->
  <testcase name="addAreaCodeTest" classname="com.wbl.test.AmazonAddToCartTest">
    <skipped/>
  </testcase> <!-- addAreaCodeTest -->
</testsuite> <!-- com.wbl.test.AmazonAddToCartTest -->
