<?xml version="1.0" encoding="UTF-8"?>
<!-- Generated by org.testng.reporters.JUnitReportReporter -->
<testsuite name="com.wbl.test.AmazonLoginTest" tests="2" time="7.123" ignored="0" failures="0" timestamp="21 Jun 2017 05:22:51 GMT" skipped="0" hostname="KFAutie-S47" errors="0">
  <testcase name="enterLoginDetailsTest" time="6.719" classname="com.wbl.test.AmazonLoginTest"/>
  <testcase name="enterLoginDetailsTest" time="0.404" classname="com.wbl.test.AmazonLoginTest"/>
</testsuite> <!-- com.wbl.test.AmazonLoginTest -->
