<?xml version="1.0" encoding="UTF-8"?>
<!-- Generated by org.testng.reporters.JUnitReportReporter -->
<testsuite skipped="0" hostname="DESKTOP-ID9MJDP" name="com.wbl.testng.TestHomePage" tests="4" failures="0" timestamp="25 Apr 2017 17:49:00 GMT" time="0.012" errors="0">
  <testcase name="testPresentation" time="0.000" classname="com.wbl.testng.TestHomePage"/>
  <testcase name="testRecordings" time="0.003" classname="com.wbl.testng.TestHomePage"/>
  <testcase name="testDoLogin" time="0.008" classname="com.wbl.testng.TestHomePage"/>
  <testcase name="testLogout" time="0.001" classname="com.wbl.testng.TestHomePage"/>
</testsuite> <!-- com.wbl.testng.TestHomePage -->
