<?xml version="1.0" encoding="UTF-8"?>
<!-- Generated by org.testng.reporters.JUnitReportReporter -->
<testsuite skipped="0" hostname="DESKTOP-ID9MJDP" name="com.wbl.testng.BasicTest" tests="1" failures="0" timestamp="25 Apr 2017 19:17:00 GMT" time="0.036" errors="0">
  <testcase name="test" time="0.036" classname="com.wbl.testng.BasicTest"/>
</testsuite> <!-- com.wbl.testng.BasicTest -->
