<?xml version="1.0" encoding="UTF-8"?>
<!-- Generated by org.testng.reporters.JUnitReportReporter -->
<testsuite skipped="0" hostname="DESKTOP-ID9MJDP" name="com.wbl.testng.TestCalculator2" tests="4" failures="0" timestamp="24 Apr 2017 19:22:17 GMT" time="0.010" errors="0">
  <testcase name="testCalc1" time="0.001" classname="com.wbl.testng.TestCalculator2"/>
  <testcase name="testCalc1" time="0.006" classname="com.wbl.testng.TestCalculator2"/>
  <testcase name="testCalc1" time="0.002" classname="com.wbl.testng.TestCalculator2"/>
  <testcase name="testCalc1" time="0.001" classname="com.wbl.testng.TestCalculator2"/>
</testsuite> <!-- com.wbl.testng.TestCalculator2 -->
