<?xml version="1.0" encoding="UTF-8"?>
<!-- Generated by org.testng.reporters.JUnitReportReporter -->
<testsuite skipped="0" hostname="DESKTOP-ID9MJDP" name="com.wbl.testng.TestCalculator" tests="1" failures="0" timestamp="24 Apr 2017 19:12:30 GMT" time="0.010" errors="0">
  <testcase name="testCalc1" time="0.010" classname="com.wbl.testng.TestCalculator"/>
</testsuite> <!-- com.wbl.testng.TestCalculator -->
