<?xml version="1.0" encoding="UTF-8"?>
<!-- Generated by org.testng.reporters.JUnitReportReporter -->
<testsuite skipped="0" hostname="DESKTOP-ID9MJDP" name="com.wbl.testng.TestBasicString" tests="1" failures="0" timestamp="25 Apr 2017 19:07:42 GMT" time="0.327" errors="0">
  <testcase name="test2" time="0.327" classname="com.wbl.testng.TestBasicString"/>
</testsuite> <!-- com.wbl.testng.TestBasicString -->
