<?xml version="1.0" encoding="UTF-8"?>
<!-- Generated by org.testng.reporters.JUnitReportReporter -->
<testsuite hostname="KFAutie-S47" name="com.wbl.test.HomePageTest" tests="2" failures="0" timestamp="8 Apr 2017 02:20:40 GMT" time="1.303" errors="0">
  <testcase name="testNavigationLinks" time="0.041" classname="com.wbl.test.HomePageTest"/>
  <testcase name="testSearchBox" time="1.262" classname="com.wbl.test.HomePageTest"/>
</testsuite> <!-- com.wbl.test.HomePageTest -->
