<?xml version="1.0" encoding="UTF-8"?>
<!-- Generated by org.testng.reporters.JUnitReportReporter -->
<testsuite hostname="KFAutie-S47" name="com.wbl.test.HomePageTest" tests="2" failures="0" timestamp="27 Mar 2017 17:13:57 GMT" time="1.022" errors="0">
  <testcase name="testNavigationLinks" time="0.064" classname="com.wbl.test.HomePageTest"/>
  <testcase name="testSearchBox" time="0.958" classname="com.wbl.test.HomePageTest"/>
</testsuite> <!-- com.wbl.test.HomePageTest -->
