<?xml version="1.0" encoding="UTF-8"?>
<!-- Generated by org.testng.reporters.JUnitReportReporter -->
<testsuite hostname="KFAutie-S47" name="com.wbl.test.RegisterPageTest" tests="1" failures="0" timestamp="16 Mar 2017 23:18:15 GMT" time="1.217" errors="0">
  <testcase name="testCreateLogin" time="1.217" classname="com.wbl.test.RegisterPageTest"/>
</testsuite> <!-- com.wbl.test.RegisterPageTest -->
