<?xml version="1.0" encoding="UTF-8"?>
<!-- Generated by org.testng.reporters.JUnitReportReporter -->
<testsuite name="com.wbl.MultiThreading.WalmartExample" tests="3" time="125.786" ignored="0" failures="0" timestamp="21 Jun 2017 07:47:23 GMT" skipped="0" hostname="KFAutie-S47" errors="0">
  <testcase name="chromeBrowser" time="52.532" classname="com.wbl.MultiThreading.WalmartExample"/>
  <testcase name="firefoxBrowser" time="55.922" classname="com.wbl.MultiThreading.WalmartExample"/>
  <testcase name="IETest" time="17.332" classname="com.wbl.MultiThreading.WalmartExample"/>
</testsuite> <!-- com.wbl.MultiThreading.WalmartExample -->
