<?xml version="1.0" encoding="UTF-8"?>
<!-- Generated by org.testng.reporters.JUnitReportReporter -->
<testsuite hostname="KFAutie-S47" name="com.auto.test.KayakHomePageTest" tests="1" failures="0" timestamp="27 Mar 2017 19:29:22 GMT" time="3.386" errors="0">
  <testcase name="clickHotelsTest" time="3.386" classname="com.auto.test.KayakHomePageTest"/>
</testsuite> <!-- com.auto.test.KayakHomePageTest -->
