<?xml version="1.0" encoding="UTF-8"?>
<!-- Generated by org.testng.reporters.JUnitReportReporter -->
<testsuite hostname="KFAutie-S47" name="com.auto.test.KayakHomePageTest" tests="1" failures="0" timestamp="28 Mar 2017 02:10:52 GMT" time="4.084" errors="0">
  <testcase name="clickHotelsTest" time="4.084" classname="com.auto.test.KayakHomePageTest"/>
</testsuite> <!-- com.auto.test.KayakHomePageTest -->
