<?xml version="1.0" encoding="UTF-8"?>
<!-- Generated by org.testng.reporters.JUnitReportReporter -->
<testsuite skipped="0" hostname="DESKTOP-ID9MJDP" name="com.wbl.basics.HomePageWindowHandles" tests="1" failures="0" timestamp="27 Apr 2017 18:43:18 GMT" time="13.527" errors="0">
  <testcase name="studentLogin" time="13.527" classname="com.wbl.basics.HomePageWindowHandles"/>
</testsuite> <!-- com.wbl.basics.HomePageWindowHandles -->
