<?xml version="1.0" encoding="UTF-8"?>
<!-- Generated by org.testng.reporters.JUnitReportReporter -->
<testsuite skipped="0" hostname="DESKTOP-ID9MJDP" name="com.wbl.basics.SelectAndRadioAndWebElementMethods" tests="2" failures="0" timestamp="27 Apr 2017 23:56:30 GMT" time="15.997" errors="0">
  <testcase name="registerExampleWithWebElementMethods" time="7.761" classname="com.wbl.basics.SelectAndRadioAndWebElementMethods"/>
  <testcase name="selectExample" time="8.236" classname="com.wbl.basics.SelectAndRadioAndWebElementMethods"/>
</testsuite> <!-- com.wbl.basics.SelectAndRadioAndWebElementMethods -->
