<?xml version="1.0" encoding="UTF-8"?>
<!-- Generated by org.testng.reporters.JUnitReportReporter -->
<testsuite skipped="0" hostname="DESKTOP-ID9MJDP" name="com.wbl.basics.HomePage" tests="1" failures="0" timestamp="27 Apr 2017 18:11:37 GMT" time="5.141" errors="0">
  <testcase name="searchBox" time="5.141" classname="com.wbl.basics.HomePage"/>
</testsuite> <!-- com.wbl.basics.HomePage -->
