<?xml version="1.0" encoding="UTF-8"?>
<!-- Generated by org.testng.reporters.JUnitReportReporter -->
<testsuite hostname="KFAutie-S47" name="com.TestingAutomation.WebDriverAutomationTest" tests="1" failures="0" timestamp="1 Feb 2017 06:17:45 GMT" time="46.247" errors="0">
  <testcase name="testWblHomePage" time="46.247" classname="com.TestingAutomation.WebDriverAutomationTest"/>
</testsuite> <!-- com.TestingAutomation.WebDriverAutomationTest -->
