<?xml version="1.0" encoding="UTF-8"?>
<!-- Generated by org.testng.reporters.JUnitReportReporter -->
<testsuite hostname="KFAutie-S47" name="com.mvn.MavenPractice.FirstMvnTest" tests="1" failures="0" timestamp="23 Jan 2017 06:57:38 GMT" time="31.897" errors="0">
  <testcase name="FirstTest" time="31.897" classname="com.mvn.MavenPractice.FirstMvnTest"/>
</testsuite> <!-- com.mvn.MavenPractice.FirstMvnTest -->
