<?xml version="1.0" encoding="UTF-8"?>
<!-- Generated by org.testng.reporters.JUnitReportReporter -->
<testsuite hostname="LAPTOP-QT9092SR" name="com.wbl.restassured_automation.RestAssuredAPITest" tests="2" failures="0" timestamp="15 May 2017 19:55:16 GMT" time="3.393" errors="0">
  <testcase name="getTest" time="2.674" classname="com.wbl.restassured_automation.RestAssuredAPITest"/>
  <testcase name="postTest" time="0.719" classname="com.wbl.restassured_automation.RestAssuredAPITest"/>
</testsuite> <!-- com.wbl.restassured_automation.RestAssuredAPITest -->
