<?xml version="1.0" encoding="UTF-8"?>
<!-- Generated by org.testng.reporters.JUnitReportReporter -->
<testsuite hostname="LAPTOP-QT9092SR" name="com.wbl.api_automation.TalenScreenTest" tests="4" failures="0" timestamp="15 May 2017 17:59:35 GMT" time="1.529" errors="0">
  <testcase name="updateSubjectsTest" time="0.316" classname="com.wbl.api_automation.TalenScreenTest"/>
  <testcase name="postSubjectsTest" time="0.906" classname="com.wbl.api_automation.TalenScreenTest"/>
  <testcase name="getSubjectsTest" time="0.201" classname="com.wbl.api_automation.TalenScreenTest"/>
  <testcase name="deleteSubjectsTest" time="0.106" classname="com.wbl.api_automation.TalenScreenTest"/>
</testsuite> <!-- com.wbl.api_automation.TalenScreenTest -->
