<?xml version="1.0" encoding="UTF-8"?>
<!-- Generated by org.testng.reporters.JUnitReportReporter -->
<testsuite hostname="LAPTOP-QT9092SR" name="com.wbl.api_automation.ItunesTest" tests="1" failures="0" timestamp="15 May 2017 17:27:35 GMT" time="1.337" errors="0">
  <testcase name="getItunesAPI" time="1.337" classname="com.wbl.api_automation.ItunesTest"/>
</testsuite> <!-- com.wbl.api_automation.ItunesTest -->
