<?xml version="1.0" encoding="UTF-8"?>
<!-- Generated by org.testng.reporters.JUnitReportReporter -->
<testsuite hostname="LAPTOP-QT9092SR" name="com.wbl.api_automation.Test1" tests="1" failures="0" timestamp="15 May 2017 07:06:02 GMT" time="5.112" errors="0">
  <testcase name="test" time="5.112" classname="com.wbl.api_automation.Test1"/>
</testsuite> <!-- com.wbl.api_automation.Test1 -->
