<?xml version="1.0" encoding="UTF-8"?>
<!-- Generated by org.testng.reporters.JUnitReportReporter -->
<testsuite hostname="LAPTOP-QT9092SR" name="com.wbl.api_automation.base.BaseApi" tests="1" failures="0" timestamp="13 May 2017 00:01:42 GMT" time="1.367" errors="0">
  <testcase name="get" time="1.367" classname="com.wbl.api_automation.base.BaseApi"/>
</testsuite> <!-- com.wbl.api_automation.base.BaseApi -->
