<?xml version="1.0" encoding="UTF-8"?>
<!-- Generated by org.testng.reporters.JUnitReportReporter -->
<testsuite hostname="LAPTOP-QT9092SR" name="com.wbl.api_automation.TwitterTest" tests="1" failures="0" timestamp="15 May 2017 18:24:42 GMT" time="0.762" errors="0">
  <testcase name="postAccountSettingsTest" time="0.762" classname="com.wbl.api_automation.TwitterTest"/>
</testsuite> <!-- com.wbl.api_automation.TwitterTest -->
