<?xml version="1.0" encoding="UTF-8"?>
<!-- Generated by org.testng.reporters.JUnitReportReporter -->
<testsuite name="com.TestingAutomation.SelectAndRadio" tests="1" time="31.621" ignored="0" failures="0" timestamp="04 Apr 2017 21:36:50 GMT" skipped="0" hostname="KFAutie-S47" errors="0">
  <testcase name="faceBookPageTest" time="31.621" classname="com.TestingAutomation.SelectAndRadio"/>
</testsuite> <!-- com.TestingAutomation.SelectAndRadio -->
