<?xml version="1.0" encoding="UTF-8"?>
<!-- Generated by org.testng.reporters.JUnitReportReporter -->
<testsuite hostname="KFAutie-S47" name="com.TestingAutomation.WindowHandles"
	tests="1" failures="0" timestamp="21 Feb 2017 05:52:12 GMT" time="28.596"
	errors="0">
	<testcase name="homePageTest" time="28.596"
		classname="com.TestingAutomation.WindowHandles" />
</testsuite> <!-- com.TestingAutomation.WindowHandles -->
