<?xml version="1.0" encoding="UTF-8"?>
<!-- Generated by org.testng.reporters.JUnitReportReporter -->
<testsuite hostname="KFAutie-S47" name="com.TestingAutomation.WalmartTest"
	tests="1" failures="0" timestamp="26 Feb 2017 21:11:50 GMT" time="44.807"
	errors="0">
	<testcase name="waitsTest" time="44.807"
		classname="com.TestingAutomation.WalmartTest" />
</testsuite> <!-- com.TestingAutomation.WalmartTest -->
